Using pre-set license
Built from '2020.2/staging' branch; Version is '2020.2.5f1 (e2c53f129de5) revision 14861631'; Using compiler version '192528614'; Build Type 'Release'
OS: 'Windows 10 Home; OS build 19041.867; Version 2004; 64bit' Language: 'en' Physical Memory: 16297 MB
BatchMode: 1, IsHumanControllingUs: 0, StartBugReporterOnCrash: 0, Is64bit: 1, IsPro: 0

 COMMAND LINE ARGUMENTS:
D:\Unity\2020.2.5f1\Editor\Unity.exe
-adb2
-batchMode
-noUpm
-name
AssetImportWorker0
-projectPath
F:/Year 2/Trimester B/Integrated Project 2/IP2 4/IP2Attempt2/IP2 - Copy
-logFile
Logs/AssetImportWorker0.log
-srvPort
59935
Successfully changed project path to: F:/Year 2/Trimester B/Integrated Project 2/IP2 4/IP2Attempt2/IP2 - Copy
F:/Year 2/Trimester B/Integrated Project 2/IP2 4/IP2Attempt2/IP2 - Copy
Using Asset Import Pipeline V2.
Refreshing native plugins compatible for Editor in 32.84 ms, found 1 plugins.
Preloading 0 native plugins for Editor in 0.00 ms.
Initialize engine version: 2020.2.5f1 (e2c53f129de5)
[Subsystems] Discovering subsystems at path D:/Unity/2020.2.5f1/Editor/Data/Resources/UnitySubsystems
[Subsystems] Discovering subsystems at path F:/Year 2/Trimester B/Integrated Project 2/IP2 4/IP2Attempt2/IP2 - Copy/Assets
GfxDevice: creating device client; threaded=0
Direct3D:
    Version:  Direct3D 11.0 [level 11.1]
    Renderer: NVIDIA GeForce RTX 2080 SUPER (ID=0x1e81)
    Vendor:   
    VRAM:     8010 MB
    Driver:   27.21.14.6589
Initialize mono
Mono path[0] = 'D:/Unity/2020.2.5f1/Editor/Data/Managed'
Mono path[1] = 'D:/Unity/2020.2.5f1/Editor/Data/MonoBleedingEdge/lib/mono/unityjit'
Mono config path = 'D:/Unity/2020.2.5f1/Editor/Data/MonoBleedingEdge/etc'
Using monoOptions --debugger-agent=transport=dt_socket,embedding=1,server=y,suspend=n,address=127.0.0.1:56116
Begin MonoManager ReloadAssembly
Registering precompiled unity dll's ...
Register platform support module: D:/Unity/2020.2.5f1/Editor/Data/PlaybackEngines/WindowsStandaloneSupport/UnityEditor.WindowsStandalone.Extensions.dll
Registered in 0.000873 seconds.
Native extension for WindowsStandalone target not found
Refreshing native plugins compatible for Editor in 29.38 ms, found 1 plugins.
Preloading 0 native plugins for Editor in 0.00 ms.
Invoked RoslynAnalysisRunner static constructor.
RoslynAnalysisRunner will not be running.
RoslynAnalysisRunner has terminated.
Mono: successfully reloaded assembly
- Completed reload, in  0.828 seconds
Platform modules already initialized, skipping
Registering precompiled user dll's ...
Registered in 0.006482 seconds.
Begin MonoManager ReloadAssembly
Native extension for WindowsStandalone target not found
Refreshing native plugins compatible for Editor in 29.56 ms, found 1 plugins.
Preloading 0 native plugins for Editor in 0.00 ms.
Invoked RoslynAnalysisRunner static constructor.
RoslynAnalysisRunner will not be running.
RoslynAnalysisRunner has terminated.
Mono: successfully reloaded assembly
- Completed reload, in  0.726 seconds
Platform modules already initialized, skipping
========================================================================
Worker process is ready to serve import requests
Launched and connected shader compiler UnityShaderCompiler.exe after 0.03 seconds
Refreshing native plugins compatible for Editor in 0.32 ms, found 1 plugins.
Preloading 0 native plugins for Editor in 0.00 ms.
Unloading 1820 Unused Serialized files (Serialized files now loaded: 0)
System memory in use before: 156.0 MB.
System memory in use after: 156.0 MB.

Unloading 23 unused Assets to reduce memory usage. Loaded Objects now: 2267.
Total: 1.572200 ms (FindLiveObjects: 0.177300 ms CreateObjectMapping: 0.071500 ms MarkObjects: 1.236500 ms  DeleteObjects: 0.086300 ms)

========================================================================
Received Import Request.
  path: Assets/RedCharacter_Idle (3).jpeg
  artifactKey: Guid(b8df00657acc865428fa2606066c7296) Importer(815301076,1909f56bfc062723c751e8b465ee728b)
Start importing Assets/RedCharacter_Idle (3).jpeg using Guid(b8df00657acc865428fa2606066c7296) Importer(815301076,1909f56bfc062723c751e8b465ee728b)  -> (artifact id: 'a06a5bf7eb8503df3e35d583d5f0a497') in 0.190458 seconds
  Import took 0.192880 seconds .

========================================================================
Received Import Request.
  Time since last request: 33.490291 seconds.
  path: Assets/Scripts/InventorySlot.cs
  artifactKey: Guid(cf229d58d34e7714e9ee79f2691b3820) Importer(815301076,1909f56bfc062723c751e8b465ee728b)
Start importing Assets/Scripts/InventorySlot.cs using Guid(cf229d58d34e7714e9ee79f2691b3820) Importer(815301076,1909f56bfc062723c751e8b465ee728b)  -> (artifact id: 'f941c0719a5daf8486c3ff288686da39') in 0.136883 seconds
  Import took 0.139422 seconds .

========================================================================
Received Import Request.
  Time since last request: 19.170405 seconds.
  path: Assets/Scripts/InventorySlot.cs
  artifactKey: Guid(cf229d58d34e7714e9ee79f2691b3820) Importer(815301076,1909f56bfc062723c751e8b465ee728b)
Start importing Assets/Scripts/InventorySlot.cs using Guid(cf229d58d34e7714e9ee79f2691b3820) Importer(815301076,1909f56bfc062723c751e8b465ee728b)  -> (artifact id: 'c0fadfb71d8fe9afb1c49553ada08a53') in 0.057858 seconds
  Import took 0.060374 seconds .

========================================================================
Received Prepare
Registering precompiled user dll's ...
Registered in 0.011011 seconds.
Begin MonoManager ReloadAssembly
Native extension for WindowsStandalone target not found
Refreshing native plugins compatible for Editor in 0.32 ms, found 1 plugins.
Preloading 0 native plugins for Editor in 0.00 ms.
Invoked RoslynAnalysisRunner static constructor.
RoslynAnalysisRunner will not be running.
RoslynAnalysisRunner has terminated.
Mono: successfully reloaded assembly
- Completed reload, in  0.650 seconds
Platform modules already initialized, skipping
Refreshing native plugins compatible for Editor in 0.32 ms, found 1 plugins.
Preloading 0 native plugins for Editor in 0.00 ms.
Unloading 1814 Unused Serialized files (Serialized files now loaded: 0)
System memory in use before: 159.0 MB.
System memory in use after: 159.0 MB.

Unloading 11 unused Assets to reduce memory usage. Loaded Objects now: 2276.
Total: 1.747600 ms (FindLiveObjects: 0.173100 ms CreateObjectMapping: 0.063700 ms MarkObjects: 1.430000 ms  DeleteObjects: 0.079800 ms)

========================================================================
Received Prepare
Registering precompiled user dll's ...
Registered in 0.029012 seconds.
Begin MonoManager ReloadAssembly
Native extension for WindowsStandalone target not found
Refreshing native plugins compatible for Editor in 0.32 ms, found 1 plugins.
Preloading 0 native plugins for Editor in 0.00 ms.
Invoked RoslynAnalysisRunner static constructor.
RoslynAnalysisRunner will not be running.
RoslynAnalysisRunner has terminated.
Mono: successfully reloaded assembly
- Completed reload, in  0.653 seconds
Platform modules already initialized, skipping
Refreshing native plugins compatible for Editor in 0.33 ms, found 1 plugins.
Preloading 0 native plugins for Editor in 0.00 ms.
Unloading 1814 Unused Serialized files (Serialized files now loaded: 0)
System memory in use before: 159.1 MB.
System memory in use after: 159.1 MB.

Unloading 11 unused Assets to reduce memory usage. Loaded Objects now: 2279.
Total: 1.951400 ms (FindLiveObjects: 0.261200 ms CreateObjectMapping: 0.095100 ms MarkObjects: 1.500800 ms  DeleteObjects: 0.092900 ms)

========================================================================
Received Prepare
Registering precompiled user dll's ...
Registered in 0.006537 seconds.
Begin MonoManager ReloadAssembly
Native extension for WindowsStandalone target not found
Refreshing native plugins compatible for Editor in 0.32 ms, found 1 plugins.
Preloading 0 native plugins for Editor in 0.00 ms.
Invoked RoslynAnalysisRunner static constructor.
RoslynAnalysisRunner will not be running.
RoslynAnalysisRunner has terminated.
Mono: successfully reloaded assembly
- Completed reload, in  0.648 seconds
Platform modules already initialized, skipping
Refreshing native plugins compatible for Editor in 0.33 ms, found 1 plugins.
Preloading 0 native plugins for Editor in 0.00 ms.
Unloading 1814 Unused Serialized files (Serialized files now loaded: 0)
System memory in use before: 159.1 MB.
System memory in use after: 159.1 MB.

Unloading 11 unused Assets to reduce memory usage. Loaded Objects now: 2282.
Total: 1.523500 ms (FindLiveObjects: 0.156100 ms CreateObjectMapping: 0.061000 ms MarkObjects: 1.231500 ms  DeleteObjects: 0.073400 ms)

========================================================================
Received Import Request.
  Time since last request: 192.628150 seconds.
  path: Assets/Scripts/Player1.cs
  artifactKey: Guid(d3a596aa66d98464bbe1bc34bf0c9d80) Importer(815301076,1909f56bfc062723c751e8b465ee728b)
Start importing Assets/Scripts/Player1.cs using Guid(d3a596aa66d98464bbe1bc34bf0c9d80) Importer(815301076,1909f56bfc062723c751e8b465ee728b)  -> (artifact id: '53995970b428456b922697dab2ef9f5d') in 0.058014 seconds
  Import took 0.060527 seconds .

========================================================================
Received Prepare
Registering precompiled user dll's ...
Registered in 0.032563 seconds.
Begin MonoManager ReloadAssembly
Native extension for WindowsStandalone target not found
Refreshing native plugins compatible for Editor in 0.32 ms, found 1 plugins.
Preloading 0 native plugins for Editor in 0.00 ms.
Invoked RoslynAnalysisRunner static constructor.
RoslynAnalysisRunner will not be running.
RoslynAnalysisRunner has terminated.
Mono: successfully reloaded assembly
- Completed reload, in  0.647 seconds
Platform modules already initialized, skipping
Refreshing native plugins compatible for Editor in 0.37 ms, found 1 plugins.
Preloading 0 native plugins for Editor in 0.00 ms.
Unloading 1814 Unused Serialized files (Serialized files now loaded: 0)
System memory in use before: 159.1 MB.
System memory in use after: 159.1 MB.

Unloading 11 unused Assets to reduce memory usage. Loaded Objects now: 2285.
Total: 1.574400 ms (FindLiveObjects: 0.159800 ms CreateObjectMapping: 0.057700 ms MarkObjects: 1.276800 ms  DeleteObjects: 0.079300 ms)

========================================================================
Received Prepare
Registering precompiled user dll's ...
Registered in 0.006195 seconds.
Begin MonoManager ReloadAssembly
Native extension for WindowsStandalone target not found
Refreshing native plugins compatible for Editor in 0.32 ms, found 1 plugins.
Preloading 0 native plugins for Editor in 0.00 ms.
Invoked RoslynAnalysisRunner static constructor.
RoslynAnalysisRunner will not be running.
RoslynAnalysisRunner has terminated.
Mono: successfully reloaded assembly
- Completed reload, in  0.641 seconds
Platform modules already initialized, skipping
Refreshing native plugins compatible for Editor in 0.35 ms, found 1 plugins.
Preloading 0 native plugins for Editor in 0.00 ms.
Unloading 1814 Unused Serialized files (Serialized files now loaded: 0)
System memory in use before: 159.1 MB.
System memory in use after: 159.1 MB.

Unloading 11 unused Assets to reduce memory usage. Loaded Objects now: 2288.
Total: 1.607100 ms (FindLiveObjects: 0.161700 ms CreateObjectMapping: 0.062000 ms MarkObjects: 1.291000 ms  DeleteObjects: 0.091700 ms)

========================================================================
Received Import Request.
  Time since last request: 113.040211 seconds.
  path: Assets/Scripts/MovePath.cs
  artifactKey: Guid(7a7d670cdb64951409b94e53f7c454ec) Importer(815301076,1909f56bfc062723c751e8b465ee728b)
Start importing Assets/Scripts/MovePath.cs using Guid(7a7d670cdb64951409b94e53f7c454ec) Importer(815301076,1909f56bfc062723c751e8b465ee728b)  -> (artifact id: '3184058eaa102e61fa3f4d202b98d72e') in 0.049749 seconds
  Import took 0.052331 seconds .

========================================================================
Received Import Request.
  Time since last request: 4.130400 seconds.
  path: Assets/Scripts/Health1.cs
  artifactKey: Guid(58567d35d2d401e419d7dd8d5f953945) Importer(815301076,1909f56bfc062723c751e8b465ee728b)
Start importing Assets/Scripts/Health1.cs using Guid(58567d35d2d401e419d7dd8d5f953945) Importer(815301076,1909f56bfc062723c751e8b465ee728b)  -> (artifact id: '0c2d40094c64f955ea80ebd7ededfa06') in 0.043326 seconds
  Import took 0.045661 seconds .

========================================================================
Received Import Request.
  Time since last request: 0.412982 seconds.
  path: Assets/Scripts/Health2.cs
  artifactKey: Guid(ebe2f40713ca2894d93baf66e3f8c2c6) Importer(815301076,1909f56bfc062723c751e8b465ee728b)
Start importing Assets/Scripts/Health2.cs using Guid(ebe2f40713ca2894d93baf66e3f8c2c6) Importer(815301076,1909f56bfc062723c751e8b465ee728b)  -> (artifact id: 'e25cfdb0d52bf0596725a246e9f9e1c0') in 0.041625 seconds
  Import took 0.043988 seconds .

========================================================================
Received Import Request.
  Time since last request: 1.193224 seconds.
  path: Assets/Scripts/BlueInventory.cs
  artifactKey: Guid(6d3f38c56a5cbf54a94083a7bf97c0d8) Importer(815301076,1909f56bfc062723c751e8b465ee728b)
Start importing Assets/Scripts/BlueInventory.cs using Guid(6d3f38c56a5cbf54a94083a7bf97c0d8) Importer(815301076,1909f56bfc062723c751e8b465ee728b)  -> (artifact id: '57a965d55a339d56368d82a013ba4834') in 0.053760 seconds
  Import took 0.056112 seconds .

========================================================================
Received Import Request.
  Time since last request: 0.514635 seconds.
  path: Assets/Scripts/Back.cs
  artifactKey: Guid(e4cd1aed52287314c8ce4e6c8469557d) Importer(815301076,1909f56bfc062723c751e8b465ee728b)
Start importing Assets/Scripts/Back.cs using Guid(e4cd1aed52287314c8ce4e6c8469557d) Importer(815301076,1909f56bfc062723c751e8b465ee728b)  -> (artifact id: '650d13d4c111e64163311d2652326482') in 0.052748 seconds
  Import took 0.055080 seconds .

========================================================================
Received Import Request.
  Time since last request: 3.821997 seconds.
  path: Assets/Scripts/ArmRotate.cs
  artifactKey: Guid(b68c0165ec694904c8a911f89d98b76f) Importer(815301076,1909f56bfc062723c751e8b465ee728b)
Start importing Assets/Scripts/ArmRotate.cs using Guid(b68c0165ec694904c8a911f89d98b76f) Importer(815301076,1909f56bfc062723c751e8b465ee728b)  -> (artifact id: '1f40cbb888bef6f0f6bc4deb317f23da') in 0.044397 seconds
  Import took 0.046762 seconds .

========================================================================
Received Import Request.
  Time since last request: 2.312230 seconds.
  path: Assets/Scripts/Teleporter.cs
  artifactKey: Guid(f180735d29017ae4a8137c954510e0cc) Importer(815301076,1909f56bfc062723c751e8b465ee728b)
Start importing Assets/Scripts/Teleporter.cs using Guid(f180735d29017ae4a8137c954510e0cc) Importer(815301076,1909f56bfc062723c751e8b465ee728b)  -> (artifact id: 'e0e2ddfbac9ab118ad9cd3169b6c59fb') in 0.055130 seconds
  Import took 0.057525 seconds .

========================================================================
Received Import Request.
  Time since last request: 6.967486 seconds.
  path: Assets/Scripts/Wand.cs
  artifactKey: Guid(3ab28f429b4be3647ab072ac3e2c045f) Importer(815301076,1909f56bfc062723c751e8b465ee728b)
Start importing Assets/Scripts/Wand.cs using Guid(3ab28f429b4be3647ab072ac3e2c045f) Importer(815301076,1909f56bfc062723c751e8b465ee728b)  -> (artifact id: 'f99d38b0b4541c51cfdc4a2b4f4a3ed3') in 0.047768 seconds
  Import took 0.050119 seconds .

AssetImportWorkerClient::OnTransportError - code=2 error=End of file
