Using pre-set license
Built from '2020.2/staging' branch; Version is '2020.2.5f1 (e2c53f129de5) revision 14861631'; Using compiler version '192528614'; Build Type 'Release'
OS: 'Windows 10 Home; OS build 18363.1440; Version 1909; 64bit' Language: 'en' Physical Memory: 8043 MB
BatchMode: 1, IsHumanControllingUs: 0, StartBugReporterOnCrash: 0, Is64bit: 1, IsPro: 0

 COMMAND LINE ARGUMENTS:
C:\Program Files\Unity\Hub\Editor\2020.2.5f1\Editor\Unity.exe
-adb2
-batchMode
-noUpm
-name
AssetImportWorker0
-projectPath
C:/Users/Johnnie/Downloads/IP2Attempt2-main/IP2Attempt2-main/IP2
-logFile
Logs/AssetImportWorker0.log
-srvPort
55197
Successfully changed project path to: C:/Users/Johnnie/Downloads/IP2Attempt2-main/IP2Attempt2-main/IP2
C:/Users/Johnnie/Downloads/IP2Attempt2-main/IP2Attempt2-main/IP2
Using Asset Import Pipeline V2.
Refreshing native plugins compatible for Editor in 126.11 ms, found 1 plugins.
Preloading 0 native plugins for Editor in 0.00 ms.
Initialize engine version: 2020.2.5f1 (e2c53f129de5)
[Subsystems] Discovering subsystems at path C:/Program Files/Unity/Hub/Editor/2020.2.5f1/Editor/Data/Resources/UnitySubsystems
[Subsystems] Discovering subsystems at path C:/Users/Johnnie/Downloads/IP2Attempt2-main/IP2Attempt2-main/IP2/Assets
GfxDevice: creating device client; threaded=0
Direct3D:
    Version:  Direct3D 11.0 [level 11.1]
    Renderer: Intel(R) UHD Graphics 620 (ID=0x3ea0)
    Vendor:   
    VRAM:     4021 MB
    Driver:   27.20.100.9126
Initialize mono
Mono path[0] = 'C:/Program Files/Unity/Hub/Editor/2020.2.5f1/Editor/Data/Managed'
Mono path[1] = 'C:/Program Files/Unity/Hub/Editor/2020.2.5f1/Editor/Data/MonoBleedingEdge/lib/mono/unityjit'
Mono config path = 'C:/Program Files/Unity/Hub/Editor/2020.2.5f1/Editor/Data/MonoBleedingEdge/etc'
Using monoOptions --debugger-agent=transport=dt_socket,embedding=1,server=y,suspend=n,address=127.0.0.1:56268
Begin MonoManager ReloadAssembly
Registering precompiled unity dll's ...
Register platform support module: C:/Program Files/Unity/Hub/Editor/2020.2.5f1/Editor/Data/PlaybackEngines/WindowsStandaloneSupport/UnityEditor.WindowsStandalone.Extensions.dll
Registered in 0.089935 seconds.
Native extension for WindowsStandalone target not found
Refreshing native plugins compatible for Editor in 31.92 ms, found 1 plugins.
Preloading 0 native plugins for Editor in 0.00 ms.
Invoked RoslynAnalysisRunner static constructor.
RoslynAnalysisRunner will not be running.
RoslynAnalysisRunner has terminated.
Mono: successfully reloaded assembly
- Completed reload, in  6.309 seconds
Platform modules already initialized, skipping
Registering precompiled user dll's ...
Registered in 0.043515 seconds.
Begin MonoManager ReloadAssembly
Native extension for WindowsStandalone target not found
Refreshing native plugins compatible for Editor in 31.51 ms, found 1 plugins.
Preloading 0 native plugins for Editor in 0.00 ms.
Invoked RoslynAnalysisRunner static constructor.
RoslynAnalysisRunner will not be running.
RoslynAnalysisRunner has terminated.
Mono: successfully reloaded assembly
- Completed reload, in  2.450 seconds
Platform modules already initialized, skipping
========================================================================
Worker process is ready to serve import requests
Launched and connected shader compiler UnityShaderCompiler.exe after 0.08 seconds
Refreshing native plugins compatible for Editor in 0.42 ms, found 1 plugins.
Preloading 0 native plugins for Editor in 0.00 ms.
Unloading 1811 Unused Serialized files (Serialized files now loaded: 0)
System memory in use before: 155.6 MB.
System memory in use after: 155.6 MB.

Unloading 23 unused Assets to reduce memory usage. Loaded Objects now: 2257.
Total: 2.387700 ms (FindLiveObjects: 0.159900 ms CreateObjectMapping: 0.065600 ms MarkObjects: 2.065100 ms  DeleteObjects: 0.096100 ms)

========================================================================
Received Import Request.
  path: Assets/Animations/BlueCharacter_Movement.anim
  artifactKey: Guid(169c04f1ff1f7e54898e3783b649a954) Importer(815301076,1909f56bfc062723c751e8b465ee728b)
Start importing Assets/Animations/BlueCharacter_Movement.anim using Guid(169c04f1ff1f7e54898e3783b649a954) Importer(815301076,1909f56bfc062723c751e8b465ee728b)  -> (artifact id: '587e80bc01421ff37bd0fc822f64eccf') in 0.044939 seconds
  Import took 0.048570 seconds .

========================================================================
Received Import Request.
  Time since last request: 3.774529 seconds.
  path: Assets/Animations/BlueCharacter_Move.anim
  artifactKey: Guid(fc0640e587ae5b74aaeb5050e501b0fb) Importer(815301076,1909f56bfc062723c751e8b465ee728b)
Start importing Assets/Animations/BlueCharacter_Move.anim using Guid(fc0640e587ae5b74aaeb5050e501b0fb) Importer(815301076,1909f56bfc062723c751e8b465ee728b)  -> (artifact id: '73dd9c6a85ec7265e15adcd96f8b6a10') in 0.019831 seconds
  Import took 0.023782 seconds .

========================================================================
Received Import Request.
  Time since last request: 10.155707 seconds.
  path: Assets/Animations/BlueCharacter_Idle.anim
  artifactKey: Guid(fc0640e587ae5b74aaeb5050e501b0fb) Importer(815301076,1909f56bfc062723c751e8b465ee728b)
Start importing Assets/Animations/BlueCharacter_Idle.anim using Guid(fc0640e587ae5b74aaeb5050e501b0fb) Importer(815301076,1909f56bfc062723c751e8b465ee728b)  -> (artifact id: 'c7e4c27a26a7d8298f3753513b285e3b') in 0.009548 seconds
  Import took 0.014094 seconds .

========================================================================
Received Import Request.
  Time since last request: 66.839816 seconds.
  path: Assets/Sprites/AnimationSprites/Idle/blueidle.jpeg
  artifactKey: Guid(1fe18dcf081b984409769fa4742e7fe2) Importer(815301076,1909f56bfc062723c751e8b465ee728b)
Start importing Assets/Sprites/AnimationSprites/Idle/blueidle.jpeg using Guid(1fe18dcf081b984409769fa4742e7fe2) Importer(815301076,1909f56bfc062723c751e8b465ee728b)  -> (artifact id: '03aaa7b1be72960991e6dd2d967e5939') in 0.128534 seconds
  Import took 0.132279 seconds .

========================================================================
Received Import Request.
  Time since last request: 15.758328 seconds.
  path: Assets/Sprites/AnimationSprites/Idle/blueidle.jpeg
  artifactKey: Guid(1fe18dcf081b984409769fa4742e7fe2) Importer(815301076,1909f56bfc062723c751e8b465ee728b)
Start importing Assets/Sprites/AnimationSprites/Idle/blueidle.jpeg using Guid(1fe18dcf081b984409769fa4742e7fe2) Importer(815301076,1909f56bfc062723c751e8b465ee728b)  -> (artifact id: '9292c5b84f7a3067a36417b5e6c2a83b') in 0.102229 seconds
  Import took 0.106576 seconds .

========================================================================
Received Import Request.
  Time since last request: 41.578940 seconds.
  path: Assets/Sprites/AnimationSprites/Idle/blueidle.jpeg
  artifactKey: Guid(1fe18dcf081b984409769fa4742e7fe2) Importer(815301076,1909f56bfc062723c751e8b465ee728b)
Start importing Assets/Sprites/AnimationSprites/Idle/blueidle.jpeg using Guid(1fe18dcf081b984409769fa4742e7fe2) Importer(815301076,1909f56bfc062723c751e8b465ee728b)  -> (artifact id: '8d742c53fbeea6e5414e1bd8041f0ade') in 0.081809 seconds
  Import took 0.086136 seconds .

========================================================================
Received Import Request.
  Time since last request: 626.285553 seconds.
  path: Assets/Sprites/AnimationSprites/Idle/blueidle.jpeg
  artifactKey: Guid(1fe18dcf081b984409769fa4742e7fe2) Importer(815301076,1909f56bfc062723c751e8b465ee728b)
Start importing Assets/Sprites/AnimationSprites/Idle/blueidle.jpeg using Guid(1fe18dcf081b984409769fa4742e7fe2) Importer(815301076,1909f56bfc062723c751e8b465ee728b)  -> (artifact id: 'd36bb16ef5d2bf2544c2515a5f22ad35') in 0.092103 seconds
  Import took 0.097253 seconds .

========================================================================
Received Prepare
Registering precompiled user dll's ...
Registered in 0.001128 seconds.
Begin MonoManager ReloadAssembly
Native extension for WindowsStandalone target not found
Refreshing native plugins compatible for Editor in 0.53 ms, found 1 plugins.
Preloading 0 native plugins for Editor in 0.00 ms.
Invoked RoslynAnalysisRunner static constructor.
RoslynAnalysisRunner will not be running.
RoslynAnalysisRunner has terminated.
Mono: successfully reloaded assembly
- Completed reload, in  0.816 seconds
Platform modules already initialized, skipping
Refreshing native plugins compatible for Editor in 0.36 ms, found 1 plugins.
Preloading 0 native plugins for Editor in 0.00 ms.
Unloading 1805 Unused Serialized files (Serialized files now loaded: 0)
System memory in use before: 158.6 MB.
System memory in use after: 158.6 MB.

Unloading 11 unused Assets to reduce memory usage. Loaded Objects now: 2276.
Total: 2.444500 ms (FindLiveObjects: 0.173100 ms CreateObjectMapping: 0.070600 ms MarkObjects: 2.111100 ms  DeleteObjects: 0.088400 ms)

AssetImportWorkerClient::OnTransportError - code=2 error=End of file
